[debug] [2026-04-04T14:50:01.160Z] ----------------------------------------------------------------------
[debug] [2026-04-04T14:50:01.164Z] Command:       /nix/store/ixbb20farqh1f4fqbmsn6b1ixn8mc8ij-nodejs-20.18.1/bin/node /home/user/.global_modules/bin/firebase init hosting
[debug] [2026-04-04T14:50:01.165Z] CLI Version:   15.13.0
[debug] [2026-04-04T14:50:01.165Z] Platform:      linux
[debug] [2026-04-04T14:50:01.165Z] Node Version:  v20.18.1
[debug] [2026-04-04T14:50:01.166Z] Time:          Sat Apr 04 2026 14:50:01 GMT+0000 (Coordinated Universal Time)
[debug] [2026-04-04T14:50:01.166Z] ----------------------------------------------------------------------
[debug] 
[debug] [2026-04-04T14:50:02.578Z] Checked if tokens are valid: true, expires at: 1775316688666
[debug] [2026-04-04T14:50:02.579Z] Checked if tokens are valid: true, expires at: 1775316688666
[debug] [2026-04-04T14:50:02.583Z] >>> [apiv2][query] GET https://monospace-pa.googleapis.com/v1/workspaces/pikr-sman2-26315547 [none]
[debug] [2026-04-04T14:50:04.009Z] <<< [apiv2][status] GET https://monospace-pa.googleapis.com/v1/workspaces/pikr-sman2-26315547 200
[debug] [2026-04-04T14:50:04.010Z] <<< [apiv2][body] GET https://monospace-pa.googleapis.com/v1/workspaces/pikr-sman2-26315547 {"workspaceId":"pikr-sman2-26315547","name":"pikr-sman2","workspaceRedirectUrl":"firebase-pikr-sman2-1774928709762.cluster-yylgzpipxrar4v4a72liastuqy.cloudworkstations.dev","status":"WORKSPACE_STATUS_RUNNING","lastAccessDatetime":"2026-04-04T14:26:09.673604Z","workspaceTemplate":"WORKSPACE_TEMPLATE_BLANK_WEB","owner":"SELF","serviceAccountEmail":"msp-7538395065855362718@monospace-4.iam.gserviceaccount.com","gitRepoUrl":"https://github.com/Rasya25/pikr","enableNix":true,"ownerEmail":"rasyaradityaputra25@gmail.com","workstationAccessToken":"eyJhbGciOiJSUzI1NiIsInR5cCI6IkpXVCJ9.eyJpc3MiOiJodHRwczovL2Nsb3VkLmdvb2dsZS5jb20vd29ya3N0YXRpb25zIiwiYXVkIjoiZmlyZWJhc2UtcGlrci1zbWFuMi0xNzc0OTI4NzA5NzYyLmNsdXN0ZXIteXlsZ3pwaXB4cmFyNHY0YTcybGlhc3R1cXkuY2xvdWR3b3Jrc3RhdGlvbnMuZGV2IiwiaWF0IjoxNzc1MzE0MjAzLCJleHAiOjE3NzU0MDA2MDN9.IWEaKflcXHjNv5elgI8y1At2lx8ZFivtvARNw4y4GlgF2-YHr04j56VpF_WQUa2u9o7UUb5ChCUWdlG9c4AJZlai3A_9CETVsiaD32M0rlQb3_4h0zbjiN6CQ1Aie3IVoZ8N6N3ZgAzZFMrMt2bXsp9Q4H1_TJJcgW1y8yyeiv8zCIgKRzj-yItp5TUjerPpApE1z9laByEh5ESJq8hasmDM_flM13-Bj5MdJpT1pI8ZPNpBDeL3tFshge7IvIb-nyHEL2uib-N_I20B3fyNa6fpLhcbIFjT7Gled8mxdJV1i8li4tyA2o1K_eQIMrl7D_CAtis3ygntWSKJ-9whIw","firebaseProjectId":"pikr-sman2-26315547-56b6f"}
[info] 
     ######## #### ########  ######## ########     ###     ######  ########
     ##        ##  ##     ## ##       ##     ##  ##   ##  ##       ##
     ######    ##  ########  ######   ########  #########  ######  ######
     ##        ##  ##    ##  ##       ##     ## ##     ##       ## ##
     ##       #### ##     ## ######## ########  ##     ##  ######  ########

You're about to initialize a Firebase project in this directory:

  /home/user/pikr

[info] 
=== Project Setup
[info] 
[info] First, let's associate this project directory with a Firebase project.
[info] You can create multiple project aliases by running firebase use --add, 
[info] 
[debug] [2026-04-04T14:50:04.039Z] > command requires scopes: ["email","openid","https://www.googleapis.com/auth/cloudplatformprojects.readonly","https://www.googleapis.com/auth/firebase","https://www.googleapis.com/auth/cloud-platform","https://www.googleapis.com/auth/userinfo.email"]
[debug] [2026-04-04T14:50:04.042Z] > authorizing via signed-in user (rasyaradityaputra25@gmail.com)
[debug] [2026-04-04T14:50:04.044Z] Checked if tokens are valid: true, expires at: 1775316688666
[debug] [2026-04-04T14:50:04.044Z] Checked if tokens are valid: true, expires at: 1775316688666
[debug] [2026-04-04T14:50:04.044Z] >>> [apiv2][query] GET https://firebase.googleapis.com/v1beta1/projects/pikr-sman2-26315547-56b6f [none]
[debug] [2026-04-04T14:50:04.345Z] <<< [apiv2][status] GET https://firebase.googleapis.com/v1beta1/projects/pikr-sman2-26315547-56b6f 200
[debug] [2026-04-04T14:50:04.345Z] <<< [apiv2][body] GET https://firebase.googleapis.com/v1beta1/projects/pikr-sman2-26315547-56b6f {"projectId":"pikr-sman2-26315547-56b6f","projectNumber":"192845465179","displayName":"Firebase app","name":"projects/pikr-sman2-26315547-56b6f","resources":{"hostingSite":"pikr-sman2-26315547-56b6f"},"state":"ACTIVE","etag":"1_9b4090df-d470-4be5-8d2b-550eaf4914a9"}
[info] i  Using project pikr-sman2-26315547-56b6f (Firebase app) . 
[info] 
=== Hosting Setup
[debug] [2026-04-04T14:50:04.423Z] SyntaxError: Bad control character in string literal in JSON at position 42
    at JSON.parse (<anonymous>)
    at getConfig (/home/user/.global_modules/lib/node_modules/firebase-tools/lib/frameworks/express/index.js:19:30)
    at async discover (/home/user/.global_modules/lib/node_modules/firebase-tools/lib/frameworks/express/index.js:27:43)
    at async discover (/home/user/.global_modules/lib/node_modules/firebase-tools/lib/frameworks/index.js:50:32)
    at async Object.askQuestions (/home/user/.global_modules/lib/node_modules/firebase-tools/lib/init/features/hosting/index.js:23:33)
    at async init (/home/user/.global_modules/lib/node_modules/firebase-tools/lib/init/index.js:102:17)
    at async Command.initAction [as actionFn] (/home/user/.global_modules/lib/node_modules/firebase-tools/lib/commands/init.js:232:5)
[error] 
[error] Error: An unexpected error has occurred.
